<?xml version="1.0" encoding="UTF-8"?>
<!-- Generated by org.testng.reporters.JUnitReportReporter -->
<testsuite hostname="Urmila" failures="0" tests="1" name="com.testvagrant.VerifyTeamCombinationTests" time="0.007" errors="0" timestamp="2022-09-20T19:40:43 IST" skipped="0">
  <testcase classname="com.testvagrant.VerifyTeamCombinationTests" name="sample" time="0.007"/>
  <system-out/>
</testsuite> <!-- com.testvagrant.VerifyTeamCombinationTests -->
